mode: set
CS367-G7-FoodDelivery/internal/restaurant/handler.go:15.37,17.2 1 1
CS367-G7-FoodDelivery/internal/restaurant/handler.go:20.52,22.47 2 1
CS367-G7-FoodDelivery/internal/restaurant/handler.go:22.47,25.3 2 1
CS367-G7-FoodDelivery/internal/restaurant/handler.go:27.2,28.20 2 1
CS367-G7-FoodDelivery/internal/restaurant/handler.go:28.20,31.3 2 1
CS367-G7-FoodDelivery/internal/restaurant/handler.go:33.2,40.16 3 1
CS367-G7-FoodDelivery/internal/restaurant/handler.go:40.16,41.43 1 1
CS367-G7-FoodDelivery/internal/restaurant/handler.go:41.43,44.4 2 1
CS367-G7-FoodDelivery/internal/restaurant/handler.go:45.3,46.9 2 1
CS367-G7-FoodDelivery/internal/restaurant/handler.go:49.2,49.37 1 1
CS367-G7-FoodDelivery/internal/restaurant/handler.go:53.50,55.16 2 1
CS367-G7-FoodDelivery/internal/restaurant/handler.go:55.16,58.3 2 1
CS367-G7-FoodDelivery/internal/restaurant/handler.go:59.2,59.29 1 1
CS367-G7-FoodDelivery/internal/restaurant/handler.go:63.53,65.16 2 1
CS367-G7-FoodDelivery/internal/restaurant/handler.go:65.16,68.3 2 1
CS367-G7-FoodDelivery/internal/restaurant/handler.go:70.2,71.16 2 1
CS367-G7-FoodDelivery/internal/restaurant/handler.go:71.16,72.34 1 1
CS367-G7-FoodDelivery/internal/restaurant/handler.go:72.34,74.4 1 1
CS367-G7-FoodDelivery/internal/restaurant/handler.go:74.9,76.4 1 1
CS367-G7-FoodDelivery/internal/restaurant/handler.go:77.3,77.9 1 1
CS367-G7-FoodDelivery/internal/restaurant/handler.go:80.2,80.29 1 1
CS367-G7-FoodDelivery/internal/restaurant/handler.go:84.48,86.47 2 1
CS367-G7-FoodDelivery/internal/restaurant/handler.go:86.47,89.3 2 1
CS367-G7-FoodDelivery/internal/restaurant/handler.go:91.2,92.25 2 1
CS367-G7-FoodDelivery/internal/restaurant/handler.go:92.25,95.3 2 1
CS367-G7-FoodDelivery/internal/restaurant/handler.go:97.2,97.75 1 1
CS367-G7-FoodDelivery/internal/restaurant/handler.go:97.75,98.39 1 1
CS367-G7-FoodDelivery/internal/restaurant/handler.go:98.39,100.4 1 1
CS367-G7-FoodDelivery/internal/restaurant/handler.go:100.9,102.4 1 1
CS367-G7-FoodDelivery/internal/restaurant/handler.go:103.3,103.9 1 1
CS367-G7-FoodDelivery/internal/restaurant/handler.go:106.2,106.60 1 1
CS367-G7-FoodDelivery/internal/restaurant/model.go:10.37,12.2 1 1
CS367-G7-FoodDelivery/internal/restaurant/repository.go:16.43,18.2 1 1
CS367-G7-FoodDelivery/internal/restaurant/repository.go:20.76,24.16 3 1
CS367-G7-FoodDelivery/internal/restaurant/repository.go:24.16,26.3 1 1
CS367-G7-FoodDelivery/internal/restaurant/repository.go:28.2,29.16 2 1
CS367-G7-FoodDelivery/internal/restaurant/repository.go:29.16,31.3 1 1
CS367-G7-FoodDelivery/internal/restaurant/repository.go:33.2,34.18 2 1
CS367-G7-FoodDelivery/internal/restaurant/repository.go:37.61,41.16 3 1
CS367-G7-FoodDelivery/internal/restaurant/repository.go:41.16,43.3 1 1
CS367-G7-FoodDelivery/internal/restaurant/repository.go:44.2,47.18 3 1
CS367-G7-FoodDelivery/internal/restaurant/repository.go:47.18,49.93 2 1
CS367-G7-FoodDelivery/internal/restaurant/repository.go:49.93,51.4 1 1
CS367-G7-FoodDelivery/internal/restaurant/repository.go:52.3,52.42 1 1
CS367-G7-FoodDelivery/internal/restaurant/repository.go:54.2,54.35 1 1
CS367-G7-FoodDelivery/internal/restaurant/repository.go:54.35,56.3 1 1
CS367-G7-FoodDelivery/internal/restaurant/repository.go:57.2,57.25 1 1
CS367-G7-FoodDelivery/internal/restaurant/repository.go:60.69,65.91 3 1
CS367-G7-FoodDelivery/internal/restaurant/repository.go:65.91,67.3 1 1
CS367-G7-FoodDelivery/internal/restaurant/repository.go:68.2,68.19 1 1
CS367-G7-FoodDelivery/internal/restaurant/repository.go:71.76,79.16 3 1
CS367-G7-FoodDelivery/internal/restaurant/repository.go:79.16,81.3 1 1
CS367-G7-FoodDelivery/internal/restaurant/repository.go:82.2,83.16 2 1
CS367-G7-FoodDelivery/internal/restaurant/repository.go:83.16,85.3 1 0
CS367-G7-FoodDelivery/internal/restaurant/repository.go:86.2,86.15 1 1
CS367-G7-FoodDelivery/internal/restaurant/repository.go:86.15,88.3 1 1
CS367-G7-FoodDelivery/internal/restaurant/repository.go:89.2,89.12 1 1
CS367-G7-FoodDelivery/internal/restaurant/service.go:23.42,25.2 1 1
CS367-G7-FoodDelivery/internal/restaurant/service.go:27.70,28.18 1 1
CS367-G7-FoodDelivery/internal/restaurant/service.go:28.18,30.3 1 1
CS367-G7-FoodDelivery/internal/restaurant/service.go:31.2,31.35 1 1
CS367-G7-FoodDelivery/internal/restaurant/service.go:34.58,36.2 1 1
CS367-G7-FoodDelivery/internal/restaurant/service.go:38.66,40.16 2 1
CS367-G7-FoodDelivery/internal/restaurant/service.go:40.16,41.36 1 1
CS367-G7-FoodDelivery/internal/restaurant/service.go:41.36,43.4 1 1
CS367-G7-FoodDelivery/internal/restaurant/service.go:44.3,44.18 1 1
CS367-G7-FoodDelivery/internal/restaurant/service.go:46.2,46.18 1 1
CS367-G7-FoodDelivery/internal/restaurant/service.go:49.73,51.2 1 1
